[debug] [2020-10-09T15:33:12.530Z] ----------------------------------------------------------------------
[debug] [2020-10-09T15:33:12.533Z] Command:       /usr/local/bin/node /usr/local/bin/firebase init
[debug] [2020-10-09T15:33:12.534Z] CLI Version:   8.12.0
[debug] [2020-10-09T15:33:12.534Z] Platform:      darwin
[debug] [2020-10-09T15:33:12.534Z] Node Version:  v12.18.1
[debug] [2020-10-09T15:33:12.542Z] Time:          Fri Oct 09 2020 11:33:12 GMT-0400 (GMT-04:00)
[debug] [2020-10-09T15:33:12.543Z] ----------------------------------------------------------------------
[debug] [2020-10-09T15:33:12.543Z] 
[debug] [2020-10-09T15:33:12.555Z] > command requires scopes: ["email","openid","https://www.googleapis.com/auth/cloudplatformprojects.readonly","https://www.googleapis.com/auth/firebase","https://www.googleapis.com/auth/cloud-platform"]
[debug] [2020-10-09T15:33:12.555Z] > authorizing via signed-in user
[info] 
     ######## #### ########  ######## ########     ###     ######  ########
     ##        ##  ##     ## ##       ##     ##  ##   ##  ##       ##
     ######    ##  ########  ######   ########  #########  ######  ######
     ##        ##  ##    ##  ##       ##     ## ##     ##       ## ##
     ##       #### ##     ## ######## ########  ##     ##  ######  ########

You're about to initialize a Firebase project in this directory:

  /Users/wenjiechen/Desktop/webDevelopment/react/myburger

Before we get started, keep in mind:

  * You are initializing in an existing Firebase project directory

